[1.561s] DEBUG:colcon:Command line arguments: ['/usr/bin/colcon', 'build']
[1.561s] DEBUG:colcon:Parsed command line arguments: Namespace(ament_cmake_args=None, base_paths=['.'], build_base='build', catkin_cmake_args=None, catkin_skip_building_tests=False, cmake_args=None, cmake_clean_cache=False, cmake_clean_first=False, cmake_force_configure=False, cmake_target=None, cmake_target_skip_unavailable=False, continue_on_error=False, event_handlers=None, executor='parallel', ignore_user_meta=False, install_base='install', log_base=None, log_level=None, main=<bound method BuildVerb.main of <colcon_core.verb.build.BuildVerb object at 0x7fb6fbafe400>>, merge_install=False, metas=['./colcon.meta'], packages_above=None, packages_above_and_dependencies=None, packages_above_depth=None, packages_end=None, packages_ignore=None, packages_ignore_regex=None, packages_select=None, packages_select_build_failed=False, packages_select_by_dep=None, packages_select_regex=None, packages_select_test_failures=False, packages_skip=None, packages_skip_build_finished=False, packages_skip_by_dep=None, packages_skip_regex=None, packages_skip_test_passed=False, packages_skip_up_to=None, packages_start=None, packages_up_to=None, packages_up_to_regex=None, parallel_workers=4, paths=None, symlink_install=False, test_result_base=None, verb_extension=<colcon_core.verb.build.BuildVerb object at 0x7fb6fbafe400>, verb_name='build', verb_parser=<colcon_defaults.argument_parser.defaults.DefaultArgumentsDecorator object at 0x7fb6fbafe940>)
[1.662s] Level 1:colcon.colcon_core.package_discovery:discover_packages(colcon_meta) check parameters
[1.662s] Level 1:colcon.colcon_core.package_discovery:discover_packages(recursive) check parameters
[1.662s] Level 1:colcon.colcon_core.package_discovery:discover_packages(ignore) check parameters
[1.662s] Level 1:colcon.colcon_core.package_discovery:discover_packages(path) check parameters
[1.662s] Level 1:colcon.colcon_core.package_discovery:discover_packages(colcon_meta) discover
[1.663s] Level 1:colcon.colcon_core.package_discovery:discover_packages(recursive) discover
[1.663s] INFO:colcon.colcon_core.package_discovery:Crawling recursively for packages in '/home/ubuntu/Demo_1/ITI_LSV_ROS2/Lec6/LowSpeedCourse-pkg-gazebo/tekomoro_tf'
[1.663s] Level 1:colcon.colcon_core.package_identification:_identify(.) by extensions ['ignore', 'ignore_ament_install']
[1.663s] Level 1:colcon.colcon_core.package_identification:_identify(.) by extension 'ignore'
[1.664s] Level 1:colcon.colcon_core.package_identification:_identify(.) by extension 'ignore_ament_install'
[1.664s] Level 1:colcon.colcon_core.package_identification:_identify(.) by extensions ['colcon_pkg']
[1.664s] Level 1:colcon.colcon_core.package_identification:_identify(.) by extension 'colcon_pkg'
[1.664s] Level 1:colcon.colcon_core.package_identification:_identify(.) by extensions ['colcon_meta']
[1.664s] Level 1:colcon.colcon_core.package_identification:_identify(.) by extension 'colcon_meta'
[1.664s] Level 1:colcon.colcon_core.package_identification:_identify(.) by extensions ['ros']
[1.664s] Level 1:colcon.colcon_core.package_identification:_identify(.) by extension 'ros'
[1.818s] DEBUG:colcon.colcon_core.package_identification:Package '.' with type 'ros.ament_python' and name 'tekomoro_tf'
[1.818s] Level 1:colcon.colcon_core.package_discovery:discover_packages(recursive) using defaults
[1.819s] Level 1:colcon.colcon_core.package_discovery:discover_packages(ignore) discover
[1.819s] Level 1:colcon.colcon_core.package_discovery:discover_packages(ignore) using defaults
[1.819s] Level 1:colcon.colcon_core.package_discovery:discover_packages(path) discover
[1.819s] Level 1:colcon.colcon_core.package_discovery:discover_packages(path) using defaults
[1.964s] Level 5:colcon.colcon_core.verb:set package 'tekomoro_tf' build argument 'cmake_args' from command line to 'None'
[1.964s] Level 5:colcon.colcon_core.verb:set package 'tekomoro_tf' build argument 'cmake_target' from command line to 'None'
[1.964s] Level 5:colcon.colcon_core.verb:set package 'tekomoro_tf' build argument 'cmake_target_skip_unavailable' from command line to 'False'
[1.964s] Level 5:colcon.colcon_core.verb:set package 'tekomoro_tf' build argument 'cmake_clean_cache' from command line to 'False'
[1.964s] Level 5:colcon.colcon_core.verb:set package 'tekomoro_tf' build argument 'cmake_clean_first' from command line to 'False'
[1.964s] Level 5:colcon.colcon_core.verb:set package 'tekomoro_tf' build argument 'cmake_force_configure' from command line to 'False'
[1.964s] Level 5:colcon.colcon_core.verb:set package 'tekomoro_tf' build argument 'ament_cmake_args' from command line to 'None'
[1.964s] Level 5:colcon.colcon_core.verb:set package 'tekomoro_tf' build argument 'catkin_cmake_args' from command line to 'None'
[1.964s] Level 5:colcon.colcon_core.verb:set package 'tekomoro_tf' build argument 'catkin_skip_building_tests' from command line to 'False'
[1.964s] DEBUG:colcon.colcon_core.verb:Building package 'tekomoro_tf' with the following arguments: {'ament_cmake_args': None, 'build_base': '/home/ubuntu/Demo_1/ITI_LSV_ROS2/Lec6/LowSpeedCourse-pkg-gazebo/tekomoro_tf/build/tekomoro_tf', 'catkin_cmake_args': None, 'catkin_skip_building_tests': False, 'cmake_args': None, 'cmake_clean_cache': False, 'cmake_clean_first': False, 'cmake_force_configure': False, 'cmake_target': None, 'cmake_target_skip_unavailable': False, 'install_base': '/home/ubuntu/Demo_1/ITI_LSV_ROS2/Lec6/LowSpeedCourse-pkg-gazebo/tekomoro_tf/install/tekomoro_tf', 'merge_install': False, 'path': '/home/ubuntu/Demo_1/ITI_LSV_ROS2/Lec6/LowSpeedCourse-pkg-gazebo/tekomoro_tf', 'symlink_install': False, 'test_result_base': None}
[1.965s] INFO:colcon.colcon_core.executor:Executing jobs using 'parallel' executor
[1.968s] DEBUG:colcon.colcon_parallel_executor.executor.parallel:run_until_complete
[1.968s] INFO:colcon.colcon_ros.task.ament_python.build:Building ROS package in '/home/ubuntu/Demo_1/ITI_LSV_ROS2/Lec6/LowSpeedCourse-pkg-gazebo/tekomoro_tf' with build type 'ament_python'
[1.968s] Level 1:colcon.colcon_core.shell:create_environment_hook('tekomoro_tf', 'ament_prefix_path')
[2.007s] INFO:colcon.colcon_core.plugin_system:Skipping extension 'colcon_core.shell.bat': Not used on non-Windows systems
[2.007s] INFO:colcon.colcon_core.shell:Creating environment hook '/home/ubuntu/Demo_1/ITI_LSV_ROS2/Lec6/LowSpeedCourse-pkg-gazebo/tekomoro_tf/install/tekomoro_tf/share/tekomoro_tf/hook/ament_prefix_path.ps1'
[2.009s] INFO:colcon.colcon_core.shell:Creating environment descriptor '/home/ubuntu/Demo_1/ITI_LSV_ROS2/Lec6/LowSpeedCourse-pkg-gazebo/tekomoro_tf/install/tekomoro_tf/share/tekomoro_tf/hook/ament_prefix_path.dsv'
[2.025s] INFO:colcon.colcon_core.shell:Creating environment hook '/home/ubuntu/Demo_1/ITI_LSV_ROS2/Lec6/LowSpeedCourse-pkg-gazebo/tekomoro_tf/install/tekomoro_tf/share/tekomoro_tf/hook/ament_prefix_path.sh'
[2.028s] INFO:colcon.colcon_core.shell:Skip shell extension 'powershell' for command environment: Not usable outside of PowerShell
[2.028s] DEBUG:colcon.colcon_core.shell:Skip shell extension 'dsv' for command environment
[2.065s] DEBUG:colcon.colcon_core.shell:Ignoring prefix path '/opt/ros/foxy'
[2.520s] INFO:colcon.colcon_core.task.python.build:Building Python package in '/home/ubuntu/Demo_1/ITI_LSV_ROS2/Lec6/LowSpeedCourse-pkg-gazebo/tekomoro_tf'
[2.522s] INFO:colcon.colcon_core.shell:Skip shell extension 'powershell' for command environment: Not usable outside of PowerShell
[2.522s] DEBUG:colcon.colcon_core.shell:Skip shell extension 'dsv' for command environment
[2.528s] DEBUG:colcon.colcon_core.shell:Ignoring prefix path '/opt/ros/foxy'
[2.540s] DEBUG:colcon.colcon_core.event_handler.log_command:Invoking command in '/home/ubuntu/Demo_1/ITI_LSV_ROS2/Lec6/LowSpeedCourse-pkg-gazebo/tekomoro_tf': PYTHONPATH=/home/ubuntu/Demo_1/ITI_LSV_ROS2/Lec6/LowSpeedCourse-pkg-gazebo/tekomoro_tf/install/tekomoro_tf/lib/python3.8/site-packages:${PYTHONPATH} /usr/bin/python3 setup.py egg_info --egg-base build/tekomoro_tf build --build-base /home/ubuntu/Demo_1/ITI_LSV_ROS2/Lec6/LowSpeedCourse-pkg-gazebo/tekomoro_tf/build/tekomoro_tf/build install --prefix /home/ubuntu/Demo_1/ITI_LSV_ROS2/Lec6/LowSpeedCourse-pkg-gazebo/tekomoro_tf/install/tekomoro_tf --record /home/ubuntu/Demo_1/ITI_LSV_ROS2/Lec6/LowSpeedCourse-pkg-gazebo/tekomoro_tf/build/tekomoro_tf/install.log --single-version-externally-managed
[3.394s] DEBUG:colcon.colcon_core.event_handler.log_command:Invoked command in '/home/ubuntu/Demo_1/ITI_LSV_ROS2/Lec6/LowSpeedCourse-pkg-gazebo/tekomoro_tf' returned '0': PYTHONPATH=/home/ubuntu/Demo_1/ITI_LSV_ROS2/Lec6/LowSpeedCourse-pkg-gazebo/tekomoro_tf/install/tekomoro_tf/lib/python3.8/site-packages:${PYTHONPATH} /usr/bin/python3 setup.py egg_info --egg-base build/tekomoro_tf build --build-base /home/ubuntu/Demo_1/ITI_LSV_ROS2/Lec6/LowSpeedCourse-pkg-gazebo/tekomoro_tf/build/tekomoro_tf/build install --prefix /home/ubuntu/Demo_1/ITI_LSV_ROS2/Lec6/LowSpeedCourse-pkg-gazebo/tekomoro_tf/install/tekomoro_tf --record /home/ubuntu/Demo_1/ITI_LSV_ROS2/Lec6/LowSpeedCourse-pkg-gazebo/tekomoro_tf/build/tekomoro_tf/install.log --single-version-externally-managed
[3.401s] Level 1:colcon.colcon_core.environment:checking '/home/ubuntu/Demo_1/ITI_LSV_ROS2/Lec6/LowSpeedCourse-pkg-gazebo/tekomoro_tf/install/tekomoro_tf' for CMake module files
[3.402s] Level 1:colcon.colcon_core.environment:checking '/home/ubuntu/Demo_1/ITI_LSV_ROS2/Lec6/LowSpeedCourse-pkg-gazebo/tekomoro_tf/install/tekomoro_tf' for CMake config files
[3.403s] Level 1:colcon.colcon_core.environment:checking '/home/ubuntu/Demo_1/ITI_LSV_ROS2/Lec6/LowSpeedCourse-pkg-gazebo/tekomoro_tf/install/tekomoro_tf/lib'
[3.404s] Level 1:colcon.colcon_core.environment:checking '/home/ubuntu/Demo_1/ITI_LSV_ROS2/Lec6/LowSpeedCourse-pkg-gazebo/tekomoro_tf/install/tekomoro_tf/bin'
[3.404s] Level 1:colcon.colcon_core.environment:checking '/home/ubuntu/Demo_1/ITI_LSV_ROS2/Lec6/LowSpeedCourse-pkg-gazebo/tekomoro_tf/install/tekomoro_tf/lib/pkgconfig/tekomoro_tf.pc'
[3.404s] Level 1:colcon.colcon_core.environment:checking '/home/ubuntu/Demo_1/ITI_LSV_ROS2/Lec6/LowSpeedCourse-pkg-gazebo/tekomoro_tf/install/tekomoro_tf/lib/python3.8/site-packages'
[3.404s] Level 1:colcon.colcon_core.shell:create_environment_hook('tekomoro_tf', 'pythonpath')
[3.405s] INFO:colcon.colcon_core.shell:Creating environment hook '/home/ubuntu/Demo_1/ITI_LSV_ROS2/Lec6/LowSpeedCourse-pkg-gazebo/tekomoro_tf/install/tekomoro_tf/share/tekomoro_tf/hook/pythonpath.ps1'
[3.406s] INFO:colcon.colcon_core.shell:Creating environment descriptor '/home/ubuntu/Demo_1/ITI_LSV_ROS2/Lec6/LowSpeedCourse-pkg-gazebo/tekomoro_tf/install/tekomoro_tf/share/tekomoro_tf/hook/pythonpath.dsv'
[3.407s] INFO:colcon.colcon_core.shell:Creating environment hook '/home/ubuntu/Demo_1/ITI_LSV_ROS2/Lec6/LowSpeedCourse-pkg-gazebo/tekomoro_tf/install/tekomoro_tf/share/tekomoro_tf/hook/pythonpath.sh'
[3.407s] Level 1:colcon.colcon_core.environment:create_environment_scripts_only(tekomoro_tf)
[3.409s] INFO:colcon.colcon_core.shell:Creating package script '/home/ubuntu/Demo_1/ITI_LSV_ROS2/Lec6/LowSpeedCourse-pkg-gazebo/tekomoro_tf/install/tekomoro_tf/share/tekomoro_tf/package.ps1'
[3.411s] INFO:colcon.colcon_core.shell:Creating package descriptor '/home/ubuntu/Demo_1/ITI_LSV_ROS2/Lec6/LowSpeedCourse-pkg-gazebo/tekomoro_tf/install/tekomoro_tf/share/tekomoro_tf/package.dsv'
[3.412s] INFO:colcon.colcon_core.shell:Creating package script '/home/ubuntu/Demo_1/ITI_LSV_ROS2/Lec6/LowSpeedCourse-pkg-gazebo/tekomoro_tf/install/tekomoro_tf/share/tekomoro_tf/package.sh'
[3.414s] INFO:colcon.colcon_core.shell:Creating package script '/home/ubuntu/Demo_1/ITI_LSV_ROS2/Lec6/LowSpeedCourse-pkg-gazebo/tekomoro_tf/install/tekomoro_tf/share/tekomoro_tf/package.bash'
[3.415s] INFO:colcon.colcon_core.shell:Creating package script '/home/ubuntu/Demo_1/ITI_LSV_ROS2/Lec6/LowSpeedCourse-pkg-gazebo/tekomoro_tf/install/tekomoro_tf/share/tekomoro_tf/package.zsh'
[3.417s] Level 1:colcon.colcon_core.environment:create_file_with_runtime_dependencies(/home/ubuntu/Demo_1/ITI_LSV_ROS2/Lec6/LowSpeedCourse-pkg-gazebo/tekomoro_tf/install/tekomoro_tf/share/colcon-core/packages/tekomoro_tf)
[3.418s] DEBUG:colcon.colcon_parallel_executor.executor.parallel:closing loop
[3.418s] DEBUG:colcon.colcon_parallel_executor.executor.parallel:loop closed
[3.419s] DEBUG:colcon.colcon_parallel_executor.executor.parallel:run_until_complete finished with '0'
[3.419s] DEBUG:colcon.colcon_core.event_reactor:joining thread
[3.434s] INFO:colcon.colcon_core.plugin_system:Skipping extension 'colcon_notification.desktop_notification.terminal_notifier': Not used on non-Darwin systems
[3.435s] INFO:colcon.colcon_core.plugin_system:Skipping extension 'colcon_notification.desktop_notification.win32': Not used on non-Windows systems
[3.435s] INFO:colcon.colcon_notification.desktop_notification:Sending desktop notification using 'notify2'
[3.501s] DEBUG:colcon.colcon_core.event_reactor:joined thread
[3.502s] INFO:colcon.colcon_core.shell:Creating prefix script '/home/ubuntu/Demo_1/ITI_LSV_ROS2/Lec6/LowSpeedCourse-pkg-gazebo/tekomoro_tf/install/local_setup.ps1'
[3.505s] INFO:colcon.colcon_core.shell:Creating prefix util module '/home/ubuntu/Demo_1/ITI_LSV_ROS2/Lec6/LowSpeedCourse-pkg-gazebo/tekomoro_tf/install/_local_setup_util_ps1.py'
[3.508s] INFO:colcon.colcon_core.shell:Creating prefix chain script '/home/ubuntu/Demo_1/ITI_LSV_ROS2/Lec6/LowSpeedCourse-pkg-gazebo/tekomoro_tf/install/setup.ps1'
[3.516s] INFO:colcon.colcon_core.shell:Creating prefix script '/home/ubuntu/Demo_1/ITI_LSV_ROS2/Lec6/LowSpeedCourse-pkg-gazebo/tekomoro_tf/install/local_setup.sh'
[3.517s] INFO:colcon.colcon_core.shell:Creating prefix util module '/home/ubuntu/Demo_1/ITI_LSV_ROS2/Lec6/LowSpeedCourse-pkg-gazebo/tekomoro_tf/install/_local_setup_util_sh.py'
[3.518s] INFO:colcon.colcon_core.shell:Creating prefix chain script '/home/ubuntu/Demo_1/ITI_LSV_ROS2/Lec6/LowSpeedCourse-pkg-gazebo/tekomoro_tf/install/setup.sh'
[3.522s] INFO:colcon.colcon_core.shell:Creating prefix script '/home/ubuntu/Demo_1/ITI_LSV_ROS2/Lec6/LowSpeedCourse-pkg-gazebo/tekomoro_tf/install/local_setup.bash'
[3.523s] INFO:colcon.colcon_core.shell:Creating prefix chain script '/home/ubuntu/Demo_1/ITI_LSV_ROS2/Lec6/LowSpeedCourse-pkg-gazebo/tekomoro_tf/install/setup.bash'
[3.530s] INFO:colcon.colcon_core.shell:Creating prefix script '/home/ubuntu/Demo_1/ITI_LSV_ROS2/Lec6/LowSpeedCourse-pkg-gazebo/tekomoro_tf/install/local_setup.zsh'
[3.531s] INFO:colcon.colcon_core.shell:Creating prefix chain script '/home/ubuntu/Demo_1/ITI_LSV_ROS2/Lec6/LowSpeedCourse-pkg-gazebo/tekomoro_tf/install/setup.zsh'
