[5.573s] DEBUG:colcon:Command line arguments: ['/usr/bin/colcon', 'build']
[5.573s] DEBUG:colcon:Parsed command line arguments: Namespace(ament_cmake_args=None, base_paths=['.'], build_base='build', catkin_cmake_args=None, catkin_skip_building_tests=False, cmake_args=None, cmake_clean_cache=False, cmake_clean_first=False, cmake_force_configure=False, cmake_target=None, cmake_target_skip_unavailable=False, continue_on_error=False, event_handlers=None, executor='parallel', ignore_user_meta=False, install_base='install', log_base=None, log_level=None, main=<bound method BuildVerb.main of <colcon_core.verb.build.BuildVerb object at 0x7f17bc4b5400>>, merge_install=False, metas=['./colcon.meta'], packages_above=None, packages_above_and_dependencies=None, packages_above_depth=None, packages_end=None, packages_ignore=None, packages_ignore_regex=None, packages_select=None, packages_select_build_failed=False, packages_select_by_dep=None, packages_select_regex=None, packages_select_test_failures=False, packages_skip=None, packages_skip_build_finished=False, packages_skip_by_dep=None, packages_skip_regex=None, packages_skip_test_passed=False, packages_skip_up_to=None, packages_start=None, packages_up_to=None, packages_up_to_regex=None, parallel_workers=4, paths=None, symlink_install=False, test_result_base=None, verb_extension=<colcon_core.verb.build.BuildVerb object at 0x7f17bc4b5400>, verb_name='build', verb_parser=<colcon_defaults.argument_parser.defaults.DefaultArgumentsDecorator object at 0x7f17bc4b5940>)
[5.624s] Level 1:colcon.colcon_core.package_discovery:discover_packages(colcon_meta) check parameters
[5.624s] Level 1:colcon.colcon_core.package_discovery:discover_packages(recursive) check parameters
[5.624s] Level 1:colcon.colcon_core.package_discovery:discover_packages(ignore) check parameters
[5.625s] Level 1:colcon.colcon_core.package_discovery:discover_packages(path) check parameters
[5.625s] Level 1:colcon.colcon_core.package_discovery:discover_packages(colcon_meta) discover
[5.625s] Level 1:colcon.colcon_core.package_discovery:discover_packages(recursive) discover
[5.625s] INFO:colcon.colcon_core.package_discovery:Crawling recursively for packages in '/home/ubuntu/my_ws/src/second_pkg'
[5.625s] Level 1:colcon.colcon_core.package_identification:_identify(.) by extensions ['ignore', 'ignore_ament_install']
[5.625s] Level 1:colcon.colcon_core.package_identification:_identify(.) by extension 'ignore'
[5.625s] Level 1:colcon.colcon_core.package_identification:_identify(.) by extension 'ignore_ament_install'
[5.625s] Level 1:colcon.colcon_core.package_identification:_identify(.) by extensions ['colcon_pkg']
[5.625s] Level 1:colcon.colcon_core.package_identification:_identify(.) by extension 'colcon_pkg'
[5.626s] Level 1:colcon.colcon_core.package_identification:_identify(.) by extensions ['colcon_meta']
[5.626s] Level 1:colcon.colcon_core.package_identification:_identify(.) by extension 'colcon_meta'
[5.626s] Level 1:colcon.colcon_core.package_identification:_identify(.) by extensions ['ros']
[5.626s] Level 1:colcon.colcon_core.package_identification:_identify(.) by extension 'ros'
[5.763s] DEBUG:colcon.colcon_core.package_identification:Package '.' with type 'ros.ament_cmake' and name 'second_pkg'
[5.764s] Level 1:colcon.colcon_core.package_discovery:discover_packages(recursive) using defaults
[5.764s] Level 1:colcon.colcon_core.package_discovery:discover_packages(ignore) discover
[5.764s] Level 1:colcon.colcon_core.package_discovery:discover_packages(ignore) using defaults
[5.764s] Level 1:colcon.colcon_core.package_discovery:discover_packages(path) discover
[5.764s] Level 1:colcon.colcon_core.package_discovery:discover_packages(path) using defaults
[5.886s] Level 5:colcon.colcon_core.verb:set package 'second_pkg' build argument 'cmake_args' from command line to 'None'
[5.886s] Level 5:colcon.colcon_core.verb:set package 'second_pkg' build argument 'cmake_target' from command line to 'None'
[5.886s] Level 5:colcon.colcon_core.verb:set package 'second_pkg' build argument 'cmake_target_skip_unavailable' from command line to 'False'
[5.887s] Level 5:colcon.colcon_core.verb:set package 'second_pkg' build argument 'cmake_clean_cache' from command line to 'False'
[5.887s] Level 5:colcon.colcon_core.verb:set package 'second_pkg' build argument 'cmake_clean_first' from command line to 'False'
[5.887s] Level 5:colcon.colcon_core.verb:set package 'second_pkg' build argument 'cmake_force_configure' from command line to 'False'
[5.887s] Level 5:colcon.colcon_core.verb:set package 'second_pkg' build argument 'ament_cmake_args' from command line to 'None'
[5.887s] Level 5:colcon.colcon_core.verb:set package 'second_pkg' build argument 'catkin_cmake_args' from command line to 'None'
[5.887s] Level 5:colcon.colcon_core.verb:set package 'second_pkg' build argument 'catkin_skip_building_tests' from command line to 'False'
[5.887s] DEBUG:colcon.colcon_core.verb:Building package 'second_pkg' with the following arguments: {'ament_cmake_args': None, 'build_base': '/home/ubuntu/my_ws/src/second_pkg/build/second_pkg', 'catkin_cmake_args': None, 'catkin_skip_building_tests': False, 'cmake_args': None, 'cmake_clean_cache': False, 'cmake_clean_first': False, 'cmake_force_configure': False, 'cmake_target': None, 'cmake_target_skip_unavailable': False, 'install_base': '/home/ubuntu/my_ws/src/second_pkg/install/second_pkg', 'merge_install': False, 'path': '/home/ubuntu/my_ws/src/second_pkg', 'symlink_install': False, 'test_result_base': None}
[5.887s] INFO:colcon.colcon_core.executor:Executing jobs using 'parallel' executor
[5.891s] DEBUG:colcon.colcon_parallel_executor.executor.parallel:run_until_complete
[5.892s] INFO:colcon.colcon_ros.task.ament_cmake.build:Building ROS package in '/home/ubuntu/my_ws/src/second_pkg' with build type 'ament_cmake'
[5.892s] INFO:colcon.colcon_cmake.task.cmake.build:Building CMake package in '/home/ubuntu/my_ws/src/second_pkg'
[5.904s] INFO:colcon.colcon_core.plugin_system:Skipping extension 'colcon_core.shell.bat': Not used on non-Windows systems
[5.905s] INFO:colcon.colcon_core.shell:Skip shell extension 'powershell' for command environment: Not usable outside of PowerShell
[5.905s] DEBUG:colcon.colcon_core.shell:Skip shell extension 'dsv' for command environment
[5.969s] DEBUG:colcon.colcon_core.shell:Ignoring prefix path '/opt/ros/foxy'
[5.990s] DEBUG:colcon.colcon_core.event_handler.log_command:Invoking command in '/home/ubuntu/my_ws/src/second_pkg/build/second_pkg': CMAKE_PREFIX_PATH=${CMAKE_PREFIX_PATH}:/home/ubuntu/my_ws/install/tekomoro_tf:/home/ubuntu/my_ws/install/python_qos_demo:/home/ubuntu/my_ws/install/first_pkg:/opt/ros/foxy /usr/bin/cmake /home/ubuntu/my_ws/src/second_pkg -DCMAKE_INSTALL_PREFIX=/home/ubuntu/my_ws/src/second_pkg/install/second_pkg
[8.495s] DEBUG:colcon.colcon_parallel_executor.executor.parallel:run_until_complete was interrupted
[8.495s] DEBUG:colcon.colcon_parallel_executor.executor.parallel:run_until_complete again
[8.499s] Level 1:colcon.colcon_core.environment:create_environment_scripts_only(second_pkg)
[8.501s] DEBUG:colcon.colcon_core.event_handler.log_command:Invoked command in '/home/ubuntu/my_ws/src/second_pkg/build/second_pkg' returned '-2': CMAKE_PREFIX_PATH=${CMAKE_PREFIX_PATH}:/home/ubuntu/my_ws/install/tekomoro_tf:/home/ubuntu/my_ws/install/python_qos_demo:/home/ubuntu/my_ws/install/first_pkg:/opt/ros/foxy /usr/bin/cmake /home/ubuntu/my_ws/src/second_pkg -DCMAKE_INSTALL_PREFIX=/home/ubuntu/my_ws/src/second_pkg/install/second_pkg
[8.532s] Level 1:colcon.colcon_core.environment:checking '/home/ubuntu/my_ws/src/second_pkg/install/second_pkg' for CMake module files
[8.532s] Level 1:colcon.colcon_core.environment:checking '/home/ubuntu/my_ws/src/second_pkg/install/second_pkg' for CMake config files
[8.533s] Level 1:colcon.colcon_core.environment:checking '/home/ubuntu/my_ws/src/second_pkg/install/second_pkg/bin'
[8.533s] Level 1:colcon.colcon_core.environment:checking '/home/ubuntu/my_ws/src/second_pkg/install/second_pkg/lib/pkgconfig/second_pkg.pc'
[8.533s] Level 1:colcon.colcon_core.environment:checking '/home/ubuntu/my_ws/src/second_pkg/install/second_pkg/lib/python3.8/site-packages'
[8.534s] INFO:colcon.colcon_core.shell:Creating package script '/home/ubuntu/my_ws/src/second_pkg/install/second_pkg/share/second_pkg/package.ps1'
[8.545s] INFO:colcon.colcon_core.shell:Creating package descriptor '/home/ubuntu/my_ws/src/second_pkg/install/second_pkg/share/second_pkg/package.dsv'
[8.558s] INFO:colcon.colcon_core.shell:Creating package script '/home/ubuntu/my_ws/src/second_pkg/install/second_pkg/share/second_pkg/package.sh'
[8.559s] INFO:colcon.colcon_core.shell:Creating package script '/home/ubuntu/my_ws/src/second_pkg/install/second_pkg/share/second_pkg/package.bash'
[8.566s] INFO:colcon.colcon_core.shell:Creating package script '/home/ubuntu/my_ws/src/second_pkg/install/second_pkg/share/second_pkg/package.zsh'
[8.579s] Level 1:colcon.colcon_core.environment:create_file_with_runtime_dependencies(/home/ubuntu/my_ws/src/second_pkg/install/second_pkg/share/colcon-core/packages/second_pkg)
[8.590s] DEBUG:colcon.colcon_parallel_executor.executor.parallel:run_until_complete finished
[8.590s] DEBUG:colcon.colcon_parallel_executor.executor.parallel:closing loop
[8.591s] DEBUG:colcon.colcon_parallel_executor.executor.parallel:loop closed
[8.591s] DEBUG:colcon.colcon_core.event_reactor:joining thread
[8.751s] INFO:colcon.colcon_core.plugin_system:Skipping extension 'colcon_notification.desktop_notification.terminal_notifier': Not used on non-Darwin systems
[8.751s] INFO:colcon.colcon_core.plugin_system:Skipping extension 'colcon_notification.desktop_notification.win32': Not used on non-Windows systems
[8.751s] INFO:colcon.colcon_notification.desktop_notification:Sending desktop notification using 'notify2'
[8.799s] DEBUG:colcon.colcon_core.event_reactor:joined thread
[8.800s] INFO:colcon.colcon_core.shell:Creating prefix script '/home/ubuntu/my_ws/src/second_pkg/install/local_setup.ps1'
[8.802s] INFO:colcon.colcon_core.shell:Creating prefix util module '/home/ubuntu/my_ws/src/second_pkg/install/_local_setup_util_ps1.py'
[8.808s] INFO:colcon.colcon_core.shell:Creating prefix chain script '/home/ubuntu/my_ws/src/second_pkg/install/setup.ps1'
[8.813s] INFO:colcon.colcon_core.shell:Creating prefix script '/home/ubuntu/my_ws/src/second_pkg/install/local_setup.sh'
[8.814s] INFO:colcon.colcon_core.shell:Creating prefix util module '/home/ubuntu/my_ws/src/second_pkg/install/_local_setup_util_sh.py'
[8.814s] INFO:colcon.colcon_core.shell:Creating prefix chain script '/home/ubuntu/my_ws/src/second_pkg/install/setup.sh'
[8.819s] INFO:colcon.colcon_core.shell:Creating prefix script '/home/ubuntu/my_ws/src/second_pkg/install/local_setup.bash'
[8.821s] INFO:colcon.colcon_core.shell:Creating prefix chain script '/home/ubuntu/my_ws/src/second_pkg/install/setup.bash'
[8.826s] INFO:colcon.colcon_core.shell:Creating prefix script '/home/ubuntu/my_ws/src/second_pkg/install/local_setup.zsh'
[8.827s] INFO:colcon.colcon_core.shell:Creating prefix chain script '/home/ubuntu/my_ws/src/second_pkg/install/setup.zsh'
