The system is: Linux - 5.8.0-50-generic - x86_64
Compiling the C compiler identification source file "CMakeCCompilerId.c" succeeded.
Compiler: /usr/bin/cc 
Build flags: 
Id flags:  

The output was:
0


Compilation of the C compiler identification source "CMakeCCompilerId.c" produced "a.out"

The C compiler identification is GNU, found in "/home/ubuntu/my_ws/src/second_pkg/build/second_pkg/CMakeFiles/3.16.3/CompilerIdC/a.out"

Compiling the CXX compiler identification source file "CMakeCXXCompilerId.cpp" succeeded.
Compiler: /usr/bin/c++ 
Build flags: 
Id flags:  

The output was:
0


Compilation of the CXX compiler identification source "CMakeCXXCompilerId.cpp" produced "a.out"

The CXX compiler identification is GNU, found in "/home/ubuntu/my_ws/src/second_pkg/build/second_pkg/CMakeFiles/3.16.3/CompilerIdCXX/a.out"

Determining if the C compiler works passed with the following output:
Change Dir: /home/ubuntu/my_ws/src/second_pkg/build/second_pkg/CMakeFiles/CMakeTmp

Run Build Command(s):/usr/bin/make cmTC_aae05/fast && /usr/bin/make -f CMakeFiles/cmTC_aae05.dir/build.make CMakeFiles/cmTC_aae05.dir/build
make[1]: Entering directory '/home/ubuntu/my_ws/src/second_pkg/build/second_pkg/CMakeFiles/CMakeTmp'
Building C object CMakeFiles/cmTC_aae05.dir/testCCompiler.c.o
/usr/bin/cc    -o CMakeFiles/cmTC_aae05.dir/testCCompiler.c.o   -c /home/ubuntu/my_ws/src/second_pkg/build/second_pkg/CMakeFiles/CMakeTmp/testCCompiler.c
Linking C executable cmTC_aae05
/usr/bin/cmake -E cmake_link_script CMakeFiles/cmTC_aae05.dir/link.txt --verbose=1
/usr/bin/cc      CMakeFiles/cmTC_aae05.dir/testCCompiler.c.o  -o cmTC_aae05 
make[1]: Leaving directory '/home/ubuntu/my_ws/src/second_pkg/build/second_pkg/CMakeFiles/CMakeTmp'



