/home/ubuntu/Demo_1/ITI_LSV_ROS2/Lec6/LowSpeedCourse-pkg-gazebo/tekomoro_tf/install/tekomoro_tf/lib/python3.8/site-packages/tekomoro_tf/__init__.py
/home/ubuntu/Demo_1/ITI_LSV_ROS2/Lec6/LowSpeedCourse-pkg-gazebo/tekomoro_tf/install/tekomoro_tf/lib/python3.8/site-packages/tekomoro_tf/state_publisher.py
/home/ubuntu/Demo_1/ITI_LSV_ROS2/Lec6/LowSpeedCourse-pkg-gazebo/tekomoro_tf/install/tekomoro_tf/lib/python3.8/site-packages/tekomoro_tf/demo.launch.py
/home/ubuntu/Demo_1/ITI_LSV_ROS2/Lec6/LowSpeedCourse-pkg-gazebo/tekomoro_tf/install/tekomoro_tf/lib/python3.8/site-packages/tekomoro_tf/__pycache__/__init__.cpython-38.pyc
/home/ubuntu/Demo_1/ITI_LSV_ROS2/Lec6/LowSpeedCourse-pkg-gazebo/tekomoro_tf/install/tekomoro_tf/lib/python3.8/site-packages/tekomoro_tf/__pycache__/state_publisher.cpython-38.pyc
/home/ubuntu/Demo_1/ITI_LSV_ROS2/Lec6/LowSpeedCourse-pkg-gazebo/tekomoro_tf/install/tekomoro_tf/lib/python3.8/site-packages/tekomoro_tf/__pycache__/demo.launch.cpython-38.pyc
/home/ubuntu/Demo_1/ITI_LSV_ROS2/Lec6/LowSpeedCourse-pkg-gazebo/tekomoro_tf/install/tekomoro_tf/share/ament_index/resource_index/packages/tekomoro_tf
/home/ubuntu/Demo_1/ITI_LSV_ROS2/Lec6/LowSpeedCourse-pkg-gazebo/tekomoro_tf/install/tekomoro_tf/share/tekomoro_tf/package.xml
/home/ubuntu/Demo_1/ITI_LSV_ROS2/Lec6/LowSpeedCourse-pkg-gazebo/tekomoro_tf/install/tekomoro_tf/share/tekomoro_tf/static_tf_pub.launch.py
/home/ubuntu/Demo_1/ITI_LSV_ROS2/Lec6/LowSpeedCourse-pkg-gazebo/tekomoro_tf/install/tekomoro_tf/share/tekomoro_tf/teko.launch.py
/home/ubuntu/Demo_1/ITI_LSV_ROS2/Lec6/LowSpeedCourse-pkg-gazebo/tekomoro_tf/install/tekomoro_tf/share/tekomoro_tf/demo.launch.py
/home/ubuntu/Demo_1/ITI_LSV_ROS2/Lec6/LowSpeedCourse-pkg-gazebo/tekomoro_tf/install/tekomoro_tf/share/tekomoro_tf/r2d2.rviz
/home/ubuntu/Demo_1/ITI_LSV_ROS2/Lec6/LowSpeedCourse-pkg-gazebo/tekomoro_tf/install/tekomoro_tf/share/tekomoro_tf/r2d2.urdf.xml
/home/ubuntu/Demo_1/ITI_LSV_ROS2/Lec6/LowSpeedCourse-pkg-gazebo/tekomoro_tf/install/tekomoro_tf/lib/python3.8/site-packages/tekomoro_tf-0.0.0-py3.8.egg-info/dependency_links.txt
/home/ubuntu/Demo_1/ITI_LSV_ROS2/Lec6/LowSpeedCourse-pkg-gazebo/tekomoro_tf/install/tekomoro_tf/lib/python3.8/site-packages/tekomoro_tf-0.0.0-py3.8.egg-info/entry_points.txt
/home/ubuntu/Demo_1/ITI_LSV_ROS2/Lec6/LowSpeedCourse-pkg-gazebo/tekomoro_tf/install/tekomoro_tf/lib/python3.8/site-packages/tekomoro_tf-0.0.0-py3.8.egg-info/requires.txt
/home/ubuntu/Demo_1/ITI_LSV_ROS2/Lec6/LowSpeedCourse-pkg-gazebo/tekomoro_tf/install/tekomoro_tf/lib/python3.8/site-packages/tekomoro_tf-0.0.0-py3.8.egg-info/top_level.txt
/home/ubuntu/Demo_1/ITI_LSV_ROS2/Lec6/LowSpeedCourse-pkg-gazebo/tekomoro_tf/install/tekomoro_tf/lib/python3.8/site-packages/tekomoro_tf-0.0.0-py3.8.egg-info/SOURCES.txt
/home/ubuntu/Demo_1/ITI_LSV_ROS2/Lec6/LowSpeedCourse-pkg-gazebo/tekomoro_tf/install/tekomoro_tf/lib/python3.8/site-packages/tekomoro_tf-0.0.0-py3.8.egg-info/PKG-INFO
/home/ubuntu/Demo_1/ITI_LSV_ROS2/Lec6/LowSpeedCourse-pkg-gazebo/tekomoro_tf/install/tekomoro_tf/lib/python3.8/site-packages/tekomoro_tf-0.0.0-py3.8.egg-info/zip-safe
/home/ubuntu/Demo_1/ITI_LSV_ROS2/Lec6/LowSpeedCourse-pkg-gazebo/tekomoro_tf/install/tekomoro_tf/lib/tekomoro_tf/state_publisher
